[2024-11-21 02:25:45] Order Summary: Array
(
    [wrapper] => Array
        (
            [price] => 50.00
            [product_id] => 59
        )

    [ribbon] => Array
        (
            [price] => 40.00
            [product_id] => 86
        )

    [flowers] => Array
        (
            [0] => Array
                (
                    [product_id] => 40
                    [name] => Red Carnation
                    [price] => 70
                    [quantity] => 1
                    [total_price] => 70
                )

        )

    [total_price] => 160
)

Array
(
    [wrapper] => Array
        (
            [price] => 50.00
            [product_id] => 59
        )

    [ribbon] => Array
        (
            [price] => 40.00
            [product_id] => 86
        )

    [flowers] => Array
        (
            [0] => Array
                (
                    [product_id] => 37
                    [name] => Red Tulip
                    [price] => 70
                    [quantity] => 1
                    [total_price] => 70
                )

            [1] => Array
                (
                    [product_id] => 57
                    [name] => Sunflower
                    [price] => 50
                    [quantity] => 1
                    [total_price] => 50
                )

        )

    [total_price] => 210
)
Array
(
    [wrapper] => Array
        (
            [price] => 50.00
            [product_id] => 80
        )

    [ribbon] => Array
        (
            [price] => 40.00
            [product_id] => 88
        )

    [flowers] => Array
        (
            [0] => Array
                (
                    [product_id] => 47
                    [name] => Pink Dahlia
                    [price] => 100
                    [quantity] => 1
                    [total_price] => 100
                )

            [1] => Array
                (
                    [product_id] => 47
                    [name] => Pink Dahlia
                    [price] => 100
                    [quantity] => 1
                    [total_price] => 100
                )

            [2] => Array
                (
                    [product_id] => 47
                    [name] => Pink Dahlia
                    [price] => 100
                    [quantity] => 1
                    [total_price] => 100
                )

        )

    [total_price] => 390
)
Array
(
    [wrapper] => Array
        (
            [price] => 50.00
            [product_id] => 59
        )

    [ribbon] => Array
        (
            [price] => 40.00
            [product_id] => 86
        )

    [flowers] => Array
        (
            [0] => Array
                (
                    [product_id] => 47
                    [name] => Pink Dahlia
                    [price] => 100
                    [quantity] => 1
                    [total_price] => 100
                )

        )

    [total_price] => 190
)
